BD
SET_METRIC
C
BEGIN_EINRICHTEPLAN_INFO
C
ZA,MM,29
MM,AT,1, 10,1,1,,'Maschine' ,,,T
MM,AT,1, 20,1,1,,'Typ' ,,,Z
MM,AT,1, 30,1,1,,'Steuerung' ,,,T
MM,AT,1, 40,1,1,,'Variante' ,,,Z
MM,AT,1, 50,1,1,,'Firma' ,,,T
MM,AT,1, 60,1,1,,'Programmnummer' ,,,T
MM,AT,1, 70,1,1,,'Bearbeiter' ,,,T
MM,AT,1, 80,1,1,,'Datum' ,,,T
MM,AT,1, 90,1,1,,'Auftragsname' ,,,T
MM,AT,1, 100,1,1,,'Anzahl der Programmdurchlaeufe' ,,,Z
MM,AT,1, 110,1,1,,'Tafelname' ,,,T
MM,AT,1, 120,1,1,,'Speicherbedarf' ,,,Z
MM,AT,1, 130,1,1,,'Material-ID' ,,,T
MM,AT,1, 140,1,1,,'Tafelgewicht' ,,'kg',Z
MM,AT,1, 150,1,1,,'Maschinenzeit' ,,'min',Z
MM,AT,1, 160,1,1,,'Bemerkung' ,,,T
MM,AT,1, 170,1,1,,'Flag Automatisiert' ,,'Bool',Z
MM,AT,1, 180,1,1,,'Flag ToPsxxx-Programm' ,,'Bool',Z
MM,AT,1, 190,1,1,,'Einrichteplanfilename' ,,,T
MM,AT,1, 200,1,1,,'Lagergutbezeichnung' ,,,T
MM,AT,1, 210,1,1,,'Palettierungsflag' ,,'Bool',Z
MM,AT,1, 220,1,1,,'Palettierungmodus' ,,,Z
MM,AT,1, 230,1,1,,'Palette putzen' ,,'Bool',Z
MM,AT,1, 240,1,1,,'Sauger putzen' ,,'Bool',Z
MM,AT,1, 250,1,1,,'SystemPalletType' ,,,T
MM,AT,1, 260,1,1,,'Bearbeitungszeit PierceLine' ,,'min',Z
MM,AT,1, 270,1,1,,'Schneidlänge' ,,'mm',Z
MM,AT,1, 280,1,1,,'viewer name machine' ,,,T
MM,AT,1, 350,1,1,,'ProgrammingSystemSignature' ,,,T
C
ZA,DA,1
DA,L20,,,'Sin 840D',1,'Trumpf','test','User','06.03.2026'

* 'test',1,'test.LST'
* 1642,'SN',141.30,1.28,1,0,1,
* '',
* 'SN020----3000x1500',0,1,1,1,'',1.26,1958.00,
* 'TruLaser 3030 (L20)','TruTops Laser V17.04.00 B97 0.0.0.0'
C
ENDE_EINRICHTEPLAN_INFO
C
BEGIN_PROGRAM_PROPERTIES
C
ZA,MM,6
MM,AT,1, 10,1,1,,'Sync Data Change Pierce To Cut' ,,,Z
MM,AT,1, 20,1,1,,'ProgramType' ,,,Z
MM,AT,1, 80,1,1,,'FluidSprayMode' ,,,Z
MM,AT,1, 120,1,1,,'MarkingLaserTechnologyName' ,,,T
MM,AT,1, 130,1,1,,'LabelEncodingTypes' ,,,Z
MM,AT,1, 140,1,1,,'CodeSignature' ,,,T
C
ZA,DA,1
DA,0,3,0,'SS020MDO-N2SO-30-2',0,'CodeSignature_NONE'
C
ENDE_PROGRAM_PROPERTIES
C
BEGIN_SHEET_TECH
C
ZA,MM,14
MM,AT,1, 10,1,1,,'Tabellenidentifikator' ,,,T
MM,AT,1, 20,1,1,,'Blechmass X' ,,'mm',Z
MM,AT,1, 30,1,1,,'Blechmass Y' ,,'mm',Z
MM,AT,1, 40,1,1,,'Blechmass Z' ,,'mm',Z
MM,AT,1, 200,1,1,,'TRUMPF-Kennung' ,,,Z
MM,AT,1, 220,1,1,,'Blechmass X real' ,,'mm',Z
MM,AT,1, 230,1,1,,'Blechmass Y real' ,,'mm',Z
MM,AT,1, 240,1,1,,'Materialkennung' ,,,T
MM,AT,1, 260,1,1,,'Werkstoffdichte' ,,'kg/dm3',Z
MM,AT,1, 280,1,1,,'Dynamikstufe' ,,,Z
MM,AT,1, 290,1,1,,'Werkstoffkennung' ,,,T
MM,AT,1, 370,1,1,,'AdvancedEvaporateSwitch' ,,,Z
MM,AT,1, 380,1,1,,'AdvancedEvaporateCircleRadius' ,,'mm',Z
MM,AT,1, 390,1,1,,'Surface Optical Reflection Property' ,,,Z
C
ZA,DA,1
DA,'SHT-1',3000.00,1500.00,2.0,1,3000.00,1500.00,'1.4301',7.9,0.0,

* '1.4301',0,0.00,2
C
ENDE_SHEET_TECH
```
C
BEGIN_MACHINE_LOAD_DATA
C
ZA,MM,9
MM,AT,1, 10,1,1,,'Load Name' ,,,T
MM,AT,1, 50,1,1,,'Loading Type' ,,,Z
MM,AT,1, 60,1,1,,'Calibration Active' ,,'Bool',Z
MM,AT,1, 100,1,1,,'Pallet Changer Type' ,,,Z
MM,AT,1, 110,1,1,,'Sheet Stop' ,,,Z
MM,AT,1, 120,1,1,,'Measure Sheet Position' ,,,Z
MM,AT,1, 130,1,1,,'Measuring Range X' ,,'mm',Z
MM,AT,1, 140,1,1,,'Measuring Range Y' ,,'mm',Z
MM,AT,1, 150,1,1,,'Measuring Corner' ,,,Z
C
ZA,DA,1
DA,'SHL-1',1,1,1,1,0,50.00,50.00,1
C
ENDE_MACHINE_LOAD_DATA
C
BEGIN_LTT_STAMM
C
ZA,MM,247
MM,AT,1, 10,1,1,,'Tabellenidentifikator' ,,,T
MM,AT,1, 20,1,1,,'Bearbeiter' ,,,T
MM,AT,1, 30,1,1,,'Erstellungsdatum' ,,,T
MM,AT,1, 40,1,1,,'letzte Aenderung' ,,,T
MM,AT,1, 50,1,1,,'Bemerkung' ,,,T
MM,AT,1, 60,1,1,,'Einblendstatus' ,,,Z
MM,AT,1, 70,1,1,,'Erstellungs-Einheit' ,,,Z
MM,AT,1, 80,1,1,,'Maschinentyp' ,,,T
MM,AT,1, 90,1,1,,'Lasernennleistung' ,,'W',Z
MM,AT,1, 100,1,1,,'Material' ,,,T
MM,AT,1, 110,1,1,,'Materialdicke' ,,'mm',Z
MM,AT,1, 120,1,1,,'Linsenbrennweite' ,,'in',Z
MM,AT,1, 130,1,1,,'Duesentyp Duesendurchmesser' ,,,T
MM,AT,1, 140,1,1,,'Schneidkopfnummer' ,,,Z
MM,AT,1, 150,1,1,,'Gasspuelen Schneiden-Einst' ,,'s',Z
MM,AT,1, 160,1,1,,'Gasspuelen Einst-Schneiden' ,,'s',Z
MM,AT,1, 170,1,1,,'SCHN Einstellmass' ,,'mm',Z
MM,AT,1, 180,1,1,,'SCHN red. Beschleunigung' ,,'m/s2',Z
MM,AT,1, 190,1,1,,'SCHN Beschleunigung' ,,'m/s2',Z
MM,AT,1, 200,1,1,,'SCHN Eckenkuehlzeit' ,,'s',Z
MM,AT,1, 210,1,1,,'SCHN V-Red AnschnittDickblech' ,,'%',Z
MM,AT,1, 220,1,1,,'SCHN Gasart Schneiden' ,,,Z
MM,AT,1, 230,1,1,,'SCHN Gasart red. Schneiden' ,,,Z
MM,AT,1, 240,1,1,,'SCHN-GR Schnittspalt' ,,'mm',Z
MM,AT,1, 250,1,1,,'SCHN-GR-N Laserleistung' ,,'W',Z
MM,AT,1, 260,1,1,,'SCHN-GR-N Tastfrequenz' ,,'Hz',Z
MM,AT,1, 270,1,1,,'SCHN-GR-N Geschwindigkeit' ,,'m/min',Z
MM,AT,1, 280,1,1,,'SCHN-GR-N Duesenabstand' ,,'mm',Z
MM,AT,1, 290,1,1,,'SCHN-GR-N Gasdruck' ,,'bar',Z
MM,AT,1, 300,1,1,,'SCHN-GR-R Laserleistung' ,,'W',Z
MM,AT,1, 310,1,1,,'SCHN-GR-R Tastfrequenz' ,,'Hz',Z
MM,AT,1, 320,1,1,,'SCHN-GR-R Geschwindigkeit' ,,'m/min',Z
MM,AT,1, 330,1,1,,'SCHN-GR-R Duesenabstand' ,,'mm',Z
MM,AT,1, 340,1,1,,'SCHN-GR-R Gasdruck' ,,'bar',Z
MM,AT,1, 350,1,1,,'SCHN-MI Schnittspalt' ,,'mm',Z
MM,AT,1, 360,1,1,,'SCHN-MI-N Laserleistung' ,,'W',Z
MM,AT,1, 370,1,1,,'SCHN-MI-N Tastfrequenz' ,,'Hz',Z
MM,AT,1, 380,1,1,,'SCHN-MI-N Geschwindigkeit' ,,'m/min',Z
MM,AT,1, 390,1,1,,'SCHN-MI-N Duesenabstand' ,,'mm',Z
MM,AT,1, 400,1,1,,'SCHN-MI-N Gasdruck' ,,'bar',Z
MM,AT,1, 410,1,1,,'SCHN-MI-R Laserleistung' ,,'W',Z
MM,AT,1, 420,1,1,,'SCHN-MI-R Tastfrequenz' ,,'Hz',Z
MM,AT,1, 430,1,1,,'SCHN-MI-R Geschwindigkeit' ,,'m/min',Z
MM,AT,1, 440,1,1,,'SCHN-MI-R Duesenabstand' ,,'mm',Z
MM,AT,1, 450,1,1,,'SCHN-MI-R Gasdruck' ,,'bar',Z
MM,AT,1, 460,1,1,,'SCHN-KL Schnittspalt' ,,'mm',Z
MM,AT,1, 470,1,1,,'SCHN-KL-N Laserleistung' ,,'W',Z
MM,AT,1, 480,1,1,,'SCHN-KL-N Tastfrequenz' ,,'Hz',Z
MM,AT,1, 490,1,1,,'SCHN-KL-N Geschwindigkeit' ,,'m/min',Z
MM,AT,1, 500,1,1,,'SCHN-KL-N Duesenabstand' ,,'mm',Z
MM,AT,1, 510,1,1,,'SCHN-KL-N Gasdruck' ,,'bar',Z
MM,AT,1, 520,1,1,,'SCHN-KL-R Laserleistung' ,,'W',Z
MM,AT,1, 530,1,1,,'SCHN-KL-R Tastfrequenz' ,,'Hz',Z
MM,AT,1, 540,1,1,,'SCHN-KL-R Geschwindigkeit' ,,'m/min',Z
MM,AT,1, 550,1,1,,'SCHN-KL-R Duesenabstand' ,,'mm',Z
MM,AT,1, 560,1,1,,'SCHN-KL-R Gasdruck' ,,'bar',Z
MM,AT,1, 570,1,1,,'EINS Einstellmass' ,,'mm',Z
MM,AT,1, 580,1,1,,'EINS-N Zeit' ,,'s',Z
MM,AT,1, 590,1,1,,'EINS-N Rampezyklenummer' ,,,Z
MM,AT,1, 600,1,1,,'EINS-N Duesenabstand' ,,'mm',Z
MM,AT,1, 610,1,1,,'EINS-N Ausblaszeit' ,,'s',Z
MM,AT,1, 620,1,1,,'EINS-N Gasart' ,,,Z
MM,AT,1, 630,1,1,,'EINS-N Gasdruck' ,,'bar',Z
MM,AT,1, 640,1,1,,'EINS-N Oelspruehen' ,,,Z
MM,AT,1, 650,1,1,,'EINS-R Zeit' ,,'s',Z
MM,AT,1, 660,1,1,,'EINS-R Rampenzyklusnummer' ,,,Z
MM,AT,1, 670,1,1,,'EINS-R Duesenabstand' ,,'mm',Z
MM,AT,1, 680,1,1,,'EINS-R Ausblaszeit' ,,'s',Z
MM,AT,1, 690,1,1,,'EINS-R Gasart' ,,,Z
MM,AT,1, 700,1,1,,'EINS-R Gasdruck' ,,'bar',Z
MM,AT,1, 710,1,1,,'EINS-R Oelspruehen' ,,,Z
MM,AT,1, 720,1,1,,'ABDA Einstellmass' ,,'mm',Z
MM,AT,1, 730,1,1,,'ABDA Zeit' ,,'s',Z
MM,AT,1, 740,1,1,,'ABDA Duesenabstand' ,,'mm',Z
MM,AT,1, 750,1,1,,'ABDA Laserleistung' ,,'W',Z
MM,AT,1, 760,1,1,,'ABDA Tastfrequenz' ,,'Hz',Z
MM,AT,1, 770,1,1,,'ABDA Geschwindigkeit' ,,'m/min',Z
MM,AT,1, 780,1,1,,'ABDA Gasart' ,,,Z
MM,AT,1, 790,1,1,,'ABDA Gasdruck' ,,'bar',Z
MM,AT,1, 800,1,1,,'KENN Einstellmass' ,,'mm',Z
MM,AT,1, 810,1,1,,'KENN Duesenabstand' ,,'mm',Z
MM,AT,1, 820,1,1,,'KENN Laserleistung' ,,'W',Z
MM,AT,1, 830,1,1,,'KENN Tastfrequenz' ,,'Hz',Z
MM,AT,1, 840,1,1,,'KENN Geschwindigkeit' ,,'m/min',Z
MM,AT,1, 850,1,1,,'KENN Gasart' ,,,Z
MM,AT,1, 860,1,1,,'KENN Gasdruck' ,,'bar',Z
MM,AT,1, 870,1,1,,'KOER-G Einstellmass' ,,'mm',Z
MM,AT,1, 880,1,1,,'KOER-G Duesenabstand' ,,'mm',Z
MM,AT,1, 890,1,1,,'KOER-G Laserleistung' ,,'W',Z
MM,AT,1, 900,1,1,,'KOER-G Tastfrequenz' ,,'Hz',Z
MM,AT,1, 910,1,1,,'KOER-G Geschwindigkeit' ,,'m/min',Z
MM,AT,1, 920,1,1,,'KOER-G Gasart' ,,,Z
MM,AT,1, 930,1,1,,'KOER-G Gasdruck' ,,'bar',Z
MM,AT,1, 940,1,1,,'KOER-P Einstechzeit' ,,'s',Z
MM,AT,1, 950,1,1,,'KOER-P Rampenzyklusnummer' ,,,Z
MM,AT,1, 960,1,1,,'KOER-P Duesenabstand' ,,'mm',Z
MM,AT,1, 970,1,1,,'KOER-P Gasart' ,,,Z
MM,AT,1, 980,1,1,,'KOER-P Gasdruck' ,,'bar',Z
MM,AT,1, 990,1,1,,'PUNK Einstellmass' ,,'mm',Z
MM,AT,1, 1000,1,1,,'PUNK-S Zeit' ,,'s',Z
MM,AT,1, 1010,1,1,,'PUNK-S Rampenzyklusnummer' ,,,Z
MM,AT,1, 1020,1,1,,'PUNK-S Duesenabstand' ,,'mm',Z
MM,AT,1, 1030,1,1,,'PUNK-S Gasart' ,,,Z
MM,AT,1, 1040,1,1,,'PUNK-S Gasdruck' ,,'bar',Z
MM,AT,1, 1050,1,1,,'PUNK-F Zeit' ,,'s',Z
MM,AT,1, 1060,1,1,,'PUNK-F Rampenzyklusnummer' ,,,Z
MM,AT,1, 1070,1,1,,'PUNK-F Duesenabstand' ,,'mm',Z
MM,AT,1, 1080,1,1,,'PUNK-F Gasart' ,,,Z
MM,AT,1, 1090,1,1,,'PUNK-F Gasdruck' ,,'bar',Z
MM,AT,1, 1100,1,1,,'TRUMPF-Kennung' ,,,Z
MM,AT,1, 1110,1,1,,'Vorschub anf. aus Stanzloch' ,,,Z
MM,AT,1, 1120,1,1,,'SCHN-GR Einstellmass' ,,'mm',Z
MM,AT,1, 1130,1,1,,'SCHN-MI Einstellmass' ,,'mm',Z
MM,AT,1, 1140,1,1,,'SCHN-KL Einstellmass' ,,'mm',Z
MM,AT,1, 1150,1,1,,'EINS-N Zeit SprintLas' ,,'s',Z
MM,AT,1, 1160,1,1,,'SCHN hohe Beschleunigung' ,,'m/s2',Z
MM,AT,1, 1730,1,1,,'PlasmaLine Aktiv' ,,,Z
MM,AT,1, 1740,1,1,,'PlasmaLine-Schwellenwert 1' ,,'%',Z
MM,AT,1, 1750,1,1,,'PlasmaLine-Schwellenwert 2' ,,'%',Z
MM,AT,1, 1760,1,1,,'LLS - LFS Modus' ,,,Z
MM,AT,1, 1770,1,1,,'LLS obere Grenze in %' ,,'%',Z
MM,AT,1, 1780,1,1,,'Leistung bei oberer Grenze in %' ,,'%',Z
MM,AT,1, 1790,1,1,,'LLS untere Grenze in %' ,,'%',Z
MM,AT,1, 1800,1,1,,'Leistung bei unterer Grenze in %' ,,'%',Z
MM,AT,1, 1810,1,1,,'LFS obere Grenze in %' ,,'%',Z
MM,AT,1, 1820,1,1,,'Frequenz bei oberer Grenze in %' ,,'%',Z
MM,AT,1, 1830,1,1,,'LFS untere Grenze in %' ,,'%',Z
MM,AT,1, 1840,1,1,,'Frequenz bei unterer Grenze in %' ,,'%',Z
MM,AT,1, 1850,1,1,,'Sensorik Einstechen normal' ,,,Z
MM,AT,1, 1860,1,1,,'Sensorik Einstechen sanft' ,,,Z
MM,AT,1, 1870,1,1,,'SCHN-GR Strahldurchmesser' ,,'mm',Z
MM,AT,1, 1880,1,1,,'SCHN-MI Strahldurchmesser' ,,'mm',Z
MM,AT,1, 1890,1,1,,'SCHN-KL Strahldurchmesser' ,,'mm',Z
MM,AT,1, 1900,1,1,,'EINS Strahldurchmesser' ,,'mm',Z
MM,AT,1, 1910,1,1,,'ABDA Strahldurchmesser' ,,'mm',Z
MM,AT,1, 1920,1,1,,'KENN Strahldurchmesser' ,,'mm',Z
MM,AT,1, 1930,1,1,,'KOER Strahldurchmesser' ,,'mm',Z
MM,AT,1, 1940,1,1,,'PUNK Strahldurchmesser' ,,'mm',Z
MM,AT,1, 1950,1,1,,'LLS Geschw. bei oberer Grenze' ,,'m/min',Z
MM,AT,1, 1960,1,1,,'Leistung bei oberer Grenze' ,,'W',Z
MM,AT,1, 1970,1,1,,'LLS Geschw. bei unterer Grenze' ,,'m/min',Z
MM,AT,1, 1980,1,1,,'Leistung bei unterer Grenze' ,,'W',Z
MM,AT,1, 1990,1,1,,'LFS Geschw. bei oberer Grenze' ,,'m/min',Z
MM,AT,1, 2000,1,1,,'Frequenz bei oberer Grenze' ,,'Hz',Z
MM,AT,1, 2010,1,1,,'LFS Geschw. bei unterer Grenze' ,,'m/min',Z
MM,AT,1, 2020,1,1,,'Frequenz bei unterer Grenze' ,,'Hz',Z
MM,AT,1, 2030,1,1,,'EINS sanft Einstellmass' ,,'mm',Z
MM,AT,1, 2040,1,1,,'PlasmaLine Aktiv Mittlere Kontur' ,,,Z
MM,AT,1, 2050,1,1,,'PlasmaLine Aktiv Kleine Kontur' ,,,Z
MM,AT,1, 2060,1,1,,'Beschleunigung Sonderbearb.' ,,'m/s2',Z
MM,AT,1, 2070,1,1,,'PierceLine Strahldurchmesser' ,,'mm',Z
MM,AT,1, 2080,1,1,,'PierceLine-N Einstellmass' ,,'mm',Z
MM,AT,1, 2090,1,1,,'PierceLine-N Zeit' ,,'s',Z
MM,AT,1, 2100,1,1,,'PierceLine-N Rampenzyklusnummer' ,,,Z
MM,AT,1, 2110,1,1,,'PierceLine-N Duesenabstand' ,,'mm',Z
MM,AT,1, 2120,1,1,,'PierceLine-N Ausblaszeit' ,,'s',Z
MM,AT,1, 2130,1,1,,'PierceLine-N Gasart' ,,,Z
MM,AT,1, 2140,1,1,,'PierceLine-N Gasdruck' ,,'bar',Z
MM,AT,1, 2150,1,1,,'PierceLine-N Oelspruehen' ,,,Z
MM,AT,1, 2160,1,1,,'PierceLine-N Sensortyp' ,,,Z
MM,AT,1, 2170,1,1,,'PierceLine-N Querblasen' ,,'Bool',Z
MM,AT,1, 2180,1,1,,'PierceLine-R Einstellmass' ,,'mm',Z
MM,AT,1, 2190,1,1,,'PierceLine-R Zeit' ,,'s',Z
MM,AT,1, 2200,1,1,,'PierceLine-R Rampenzyklusnummer' ,,,Z
MM,AT,1, 2210,1,1,,'PierceLine-R Duesenabstand' ,,'mm',Z
MM,AT,1, 2220,1,1,,'PierceLine-R Ausblaszeit' ,,'s',Z
MM,AT,1, 2230,1,1,,'PierceLine-R Gasart' ,,,Z
MM,AT,1, 2240,1,1,,'PierceLine-R Gasdruck' ,,'bar',Z
MM,AT,1, 2250,1,1,,'PierceLine-R Oelspruehen' ,,,Z
MM,AT,1, 2260,1,1,,'PierceLine-R Sensortyp' ,,,Z
MM,AT,1, 2270,1,1,,'PierceLine-R Querblasen' ,,'Bool',Z
MM,AT,1, 2280,1,1,,'SCHN hohe Beschleun. Kinematik 2' ,,'m/s2',Z
MM,AT,1, 2290,1,1,,'Material-Standard' ,,,Z
MM,AT,1, 2300,1,1,,'Ausgangstabelle' ,,,T
MM,AT,1, 2310,1,1,,'Offset Einstellmass' ,,'mm',Z
MM,AT,1, 2330,1,1,,'Laserheadtype' ,,,Z
MM,AT,1, 2340,1,1,,'Schneidkopf Generation' ,,,Z
MM,AT,1, 2350,1,1,,'Schneidkopf Identifikation' ,,,Z
MM,AT,1, 2360,1,1,,'untere Grenzgeschw. AWS. Kennz.' ,,'m/min',Z
MM,AT,1, 2370,1,1,,'Leistung bei unterer Grenze Kennz.' ,,'W',Z
MM,AT,1, 2380,1,1,,'untere Grenzgeschw. AWS. Abda.' ,,'m/min',Z
MM,AT,1, 2390,1,1,,'Leistung bei unterer Grenze Abda.' ,,'W',Z
MM,AT,1, 2400,1,1,,'Frequenz bei unterer Grenze Kennz.' ,,'Hz',Z
MM,AT,1, 2410,1,1,,'Frequenz bei unterer Grenze Abda.' ,,'Hz',Z
MM,AT,1, 2420,1,1,,'SCHN normale Beschleun. 2. Y-Achse' ,,'m/s2',Z
MM,AT,1, 2430,1,1,,'SCHN normale Beschleun. 2. X-Achse' ,,'m/s2',Z
MM,AT,1, 2500,1,1,,'PulsePower Regulation' ,,'W',Z
MM,AT,1, 2510,1,1,,'Approachmode Large Contour' ,,,Z
MM,AT,1, 2520,1,1,,'Approachmode Medium Contour' ,,,Z
MM,AT,1, 2530,1,1,,'Approachmode Small Contour' ,,,Z
MM,AT,1, 2540,1,1,,'PierceLine-N Einstellmass vollsyn.' ,,'mm',Z
MM,AT,1, 2550,1,1,,'PierceLine-N Zeit vollsyn.' ,,'s',Z
MM,AT,1, 2560,1,1,,'PierceLine-N Gasdruck vollsyn.' ,,'bar',Z
MM,AT,1, 2570,1,1,,'PierceLine-R Einstellmass vollsyn.' ,,'mm',Z
MM,AT,1, 2580,1,1,,'PierceLine-R Zeit vollsyn.' ,,'s',Z
MM,AT,1, 2590,1,1,,'PierceLine-R Gasdruck vollsyn.' ,,'bar',Z
MM,AT,1, 2600,1,1,,'Base Name' ,,,T
MM,AT,1, 2610,1,1,,'Dimension Machine Min.' ,,'mm',Z
MM,AT,1, 2620,1,1,,'Dimension Machine Max.' ,,'mm',Z
MM,AT,1, 2630,1,1,,'ISO-Material Name' ,,,T
MM,AT,1, 2640,1,1,,'Laser Type' ,,,T
MM,AT,1, 2650,1,1,,'Filter FoilType' ,,,Z
MM,AT,1, 2660,1,1,,'Filter Suitable For Coating' ,,,Z
MM,AT,1, 2670,1,1,,'Filter Processing Technology 1' ,,,Z
MM,AT,1, 2680,1,1,,'Filter Processing Technology 2' ,,,Z
MM,AT,1, 2700,1,1,,'Cut Change Mode Large' ,,,Z
MM,AT,1, 2710,1,1,,'Cut Change Mode Medium' ,,,Z
MM,AT,1, 2720,1,1,,'Cut Change Mode Small' ,,,Z
MM,AT,1, 2730,1,1,,'Cut Change Path Length Large' ,,'mm',Z
MM,AT,1, 2740,1,1,,'Cut Change Path Length Medium' ,,'mm',Z
MM,AT,1, 2750,1,1,,'Cut Change Path Length Small' ,,'mm',Z
MM,AT,1, 2760,1,1,,'Cut Change Start Setting Value Large' ,,'mm',Z
MM,AT,1, 2770,1,1,,'Cut Change Start Setting Value Medium' ,,'mm',Z
MM,AT,1, 2780,1,1,,'Cut Change Start Setting Value Small' ,,'mm',Z
MM,AT,1, 2790,1,1,,'EINST NOR QUERBLASEN' ,,'Bool',Z
MM,AT,1, 2800,1,1,,'EINST SAN QUERBLASEN' ,,'Bool',Z
MM,AT,1, 2850,1,1,,'SCHN-GR-R Fokuslage LI' ,,'mm',Z
MM,AT,1, 2860,1,1,,'SCHN-GR-R Geschwindigkeit LI' ,,'m/min',Z
MM,AT,1, 2870,1,1,,'SCHN-GR-R Duesenabstand LI' ,,'mm',Z
MM,AT,1, 2880,1,1,,'SCHN-GR-R Gasdruck LI' ,,'bar',Z
MM,AT,1, 2890,1,1,,'SCHN-MI-R Fokuslage LI' ,,'mm',Z
MM,AT,1, 2900,1,1,,'SCHN-MI-R Geschwindigkeit LI' ,,'m/min',Z
MM,AT,1, 2910,1,1,,'SCHN-MI-R Duesenabstand LI' ,,'mm',Z
MM,AT,1, 2920,1,1,,'SCHN-MI-R Gasdruck LI' ,,'bar',Z
MM,AT,1, 2930,1,1,,'SCHN-KL-R Fokuslage LI' ,,'mm',Z
MM,AT,1, 2940,1,1,,'SCHN-KL-R Geschwindigkeit LI' ,,'m/min',Z
MM,AT,1, 2950,1,1,,'SCHN-KL-R Duesenabstand LI' ,,'mm',Z
MM,AT,1, 2960,1,1,,'SCHN-KL-R Gasdruck LI' ,,'bar',Z
MM,AT,1, 3060,1,1,,'EINS-R Querblasdruck' ,,'bar',Z
MM,AT,1, 3070,1,1,,'EINS-N Querblasdruck' ,,'bar',Z
MM,AT,1, 3080,1,1,,'PierceLine-R Querblasdruck' ,,'bar',Z
MM,AT,1, 3090,1,1,,'PierceLine-N Querblasdruck' ,,'bar',Z
MM,AT,1, 3610,1,1,,'SCH_GR_NOR_GESCHW_MIN' ,,'m/min',Z
MM,AT,1, 3620,1,1,,'TargetTechnology' ,,,Z
MM,AT,1, 3630,1,1,,'CuttingHeadQuantity' ,,,Z
MM,AT,1, 3650,1,1,,'FocusShiftShortestBeamPath' ,,'mm',Z
MM,AT,1, 3660,1,1,,'FocusShiftLongestBeamPath' ,,'mm',Z
MM,AT,1, 4150,1,1,,'LT2_DMC_LSTG' ,,'W',Z
MM,AT,1, 4160,1,1,,'LT2_DMC_TASTFR' ,,'Hz',Z
MM,AT,1, 4170,1,1,,'LT2_DMC_PULSEPOWER' ,,'W',Z
MM,AT,1, 4180,1,1,,'LT2_DMC_GESCHW' ,,'m/min',Z
MM,AT,1, 4190,1,1,,'LT2_DMC_DUESENABST' ,,'mm',Z
MM,AT,1, 4200,1,1,,'LT2_DMC_GASDRUCK' ,,'bar',Z
MM,AT,1, 4210,1,1,,'LT2_DMC_GASART' ,,,Z
MM,AT,1, 4220,1,1,,'LT2_DMC_FOKUSLAGE' ,,'mm',Z
MM,AT,1, 4230,1,1,,'LT2_DMC_STRAHL_DM' ,,'mm',Z
MM,AT,1, 4240,1,1,,'LT2_DMC_FOKUS_DM' ,,'um',Z
C
* '1.4301 2.0mm 3200W 250mm N2 HD TC23 Standard',1,0,'TC23',3200,
* '1.4301-20',2.00,9.80,'EAA14',3,6.00,1.00,0.50,2.000,6.000,0.00,
* 0.0,2,2,0.28,3200,2000,5.200,70,15.0,3200,2000,2.500,3.00,15.0,
* 0.30,3200,20000,4.300,0.70,15.0,3200,500,1.300,2.50,15.0,0.22,800,
* 2000,1.100,0.70,15.0,800,2000,0.500,2.50,15.0,0.50,0.14,31,4.00,
* 0.00,2,15.0,0,0.14,31,5.00,0.00,2,14.0,0,0.00,0.10,20.00,250,10000,
* 10.000,2,2.0,-3.00,8.00,250,5000,15.000,2,2.0,-2.00,2.00,90,1000,
* 1.000,2,2.0,0.70,3,2.50,2,3.0,-2.00,0.30,15,4.50,2,0.5,0.30,15,
* 4.50,2,0.5,0.0,0.50,1.00,1.00,0.10,6.000,0,-1.0,-1.0,1,100.0,
* 100.0,0.0,100.0,100.0,0.0,100.0,0.0,100.0,0.0,19.00,19.00,19.00,
* 19.00,19.00,19.00,19.00,19.00,2.500,2240,0.440,500,2.500,5000,0.440,500,
* -6.00,0,0,10.000,19.00,0.50,0.14,31,4.00,0.00,2,15.0,0,3,1,-6.00,
* 0.14,31,5.00,0.00,2,14.0,0,3,1,10.000,0,'SS020MDO-N2SO-30-2',0.00,
* 4,2,112,-5.000,150,-1.000,0,1000,0,10.000,10.000,-1,0,0,0,-1.00,
* -1.00,-1.00,-1.00,-1.00,'SS020MDO-N2SO-30-2',0,99999,'1.4301',
* FW,0,0,2,0,0,0,0,0,0,0,9999,0,9999,0,9999,0,1,1,
* -99.00,0.000,0.00,0.0,-99.00,0.000,0.00,0.0,-99.00,0.000,0.00,0.0,
* 3.7,3.7,3.7,3.7,0.000,1,1,0.00,0.00,700,13000,0,4.500,11.500,
* 16.500,2,-4.000,19,700
C
ENDE_LTT_STAMM
  C
  BEGIN_LTT_CALLS
  C
  ZA,MM,1
MM,AT,1, 10,1,1,,'Tabellenidentifikator' ,,'',T
C
ZA,DA,1
DA,,'SS020MDO-N2SO-30-2'
C
ENDE_LTT_CALLS
C
BEGIN_PARTS_IN_PROGRAM
C
ZA,MM,23
MM,AT,1, 10,1,1,,'Hauptprogrammname' ,,'',T
MM,AT,1, 20,1,1,,'reserviert' ,,'',T
MM,AT,1, 30,1,1,,'Teil-Identnummer' ,,'',T
MM,AT,1, 40,1,1,,'reserviert' ,,'',T
MM,AT,1, 50,1,1,,'Geometriefilename' ,,'',Z
MM,AT,1, 60,1,1,,'Anzahl' ,,'',T
MM,AT,1, 70,1,1,,'Geometriefilename [einf.Darst]' ,,'',T
MM,AT,1, 80,1,1,,'Bearbeitungszeit' ,,'min',Z
MM,AT,1, 90,1,1,,'Flaeche' ,,'mm2',Z
MM,AT,1, 100,1,1,,'ToPs-Zeichnungskunde' ,,'',T
MM,AT,1, 110,1,1,,'ToPs-Teile-Nummerierung' ,,'',T
MM,AT,1, 120,1,1,,'ToPs-Zeichnungsname' ,,'',T
MM,AT,1, 130,1,1,,'Abmessung X' ,,'mm',Z
MM,AT,1, 140,1,1,,'Abmessung Y' ,,'mm',Z
MM,AT,1, 170,1,1,,'Verbuchungsteil' ,,'Bool',Z
MM,AT,1, 180,1,1,,'Offset X (Urspr. zu Schwerpunkt.)' ,,'mm',Z
MM,AT,1, 190,1,1,,'Offset Y (Urspr. zu Schwerpunkt.)' ,,'mm',Z
MM,AT,1, 200,1,1,,'Bearbeitungszeit PierceLine' ,,'min',Z
MM,AT,1, 210,1,1,,'Schneidlaenge' ,,'mm',Z
MM,AT,1, 240,1,1,,'Part Type Index' ,,'',Z
MM,AT,1, 250,1,1,,'AmountMirroredParts' ,,'',Z
MM,AT,1, 260,1,1,,'Part Angle In File' ,,'deg',Z
MM,AT,1, 500,1,1,,'TRUMPF-Kennung' ,,'',Z
C
ZA,DA,1
DA,,'test','LO','NOTD',1,0
C
ZA,DA,1
DA,,'test','LO','NOID',1,0,
* 'ok',
* 2,'ok',0.62,4098.99,'','1','',
* 50.000,50.000,1,25.000,25.000,0.62,979.00,1,0,0.00,1
  C
  ENDE_PARTS_IN_PROGRAM
  C
  BEGIN_PARTS_IN_PROGRAM_POS
  C
  ZA,MM,20
  MM,AT,1, 10,1,1,,'laufende Nummer gefertigtes Teil' ,,'',Z
  MM,AT,1, 20,1,1,,'Hauptprogrammname' ,,'',T
  MM,AT,1, 30,1,1,,'Teil-Identnummer' ,,'',T
  MM,AT,1, 60,1,1,,'Position X-Koordinate' ,,'mm',Z
  MM,AT,1, 70,1,1,,'Position Y-Koordinate' ,,'mm',Z
  MM,AT,1, 80,1,1,,'Abmessung in X' ,,'mm',Z
  MM,AT,1, 90,1,1,,'Abmessung in Y' ,,'mm',Z
  MM,AT,1, 100,1,1,,'Winkellage' ,,'deg',Z
  MM,AT,1, 150,1,1,,'X-Koordinate Schwerpunkt' ,,'mm',Z
  MM,AT,1, 160,1,1,,'Y-Koordinate Schwerpunkt' ,,'mm',Z
  MM,AT,1, 190,1,1,,'Entnahmenummer' ,,'',Z
  MM,AT,1, 200,1,1,,'Referenzteil' ,,'',Z
  MM,AT,1, 210,1,1,,'Name der PartUnloadData-Tabelle' ,,'',T
  MM,AT,1, 220,1,1,,'Name der PartPalettData-Tabelle' ,,'',T
  MM,AT,1, 240,1,1,,'Klassifizierung' ,,'',Z
  MM,AT,1, 250,1,1,,'reserviert' ,,'',T
  MM,AT,1, 320,1,1,,'Part Type Index' ,,'',Z
  MM,AT,1, 330,1,1,,'Mirrored At Y' ,,'Bool',Z
  MM,AT,1, 360,1,1,,'LabelGroupID' ,,'',Z
  MM,AT,1, 500,1,1,,'TRUMPF-Kennung' ,,'',Z
C
G90
X30.000 Y30.000
L SP1test

G90
X90.000 Y30.000
L SP1test

G90
X150.000 Y30.000
L SP1test

G90
X210.000 Y30.000
L SP1test

G90
X270.000 Y30.000
L SP1test

G90
X330.000 Y30.000
L SP1test

C
C
ENDE_PARTS_IN_PROGRAM_POS
C
BEGIN_MICROJOINT
C
ZA,MM,12
MM,AT,1, 10,1,1,,'Tabellenidentifikator' ,,'',T
MM,AT,1, 100,1,1,,'programmierte Microjoints aktiv' ,,'Bool',Z
MM,AT,1, 110,1,1,,'automatische Microjoints aktiv' ,,'Bool',Z
MM,AT,1, 120,1,1,,'Micojointbreite kleine Kontur' ,,'mm',Z
MM,AT,1, 130,1,1,,'Microjointbreite mittlere Kontur' ,,'mm',Z
MM,AT,1, 140,1,1,,'Microjointbreite grosse Kontur' ,,'mm',Z
MM,AT,1, 150,1,1,,'Konturausdehn. min X autom. MJ' ,,'mm',Z
MM,AT,1, 160,1,1,,'Konturausdehn. max X autom. MJ' ,,'mm',Z
MM,AT,1, 170,1,1,,'Konturausdehn. min Y autom. MJ' ,,'mm',Z
MM,AT,1, 180,1,1,,'Konturausdehn. max Y autom. MJ' ,,'mm',Z
MM,AT,1, 190,1,1,,'Einstechart nach Microjoint' ,,'',Z
MM,AT,1, 500,1,1,,'TRUMPF-Kennung' ,,'',Z
C
ZA,DA,1
DA,,'MIJO-1',0,0,0.50,0.50,0.50,-1.00,-1.00,-1.00,-1.00,11,1
C
ENDE_MICROJOINT
C
BEGIN_CONSUMPTION_TIMES
C
ZA,MM,7
MM,AT,1, 10,1,1,,'ConsumptionGroup' ,,'',Z
MM,AT,1, 20,1,1,,'GasType' ,,'',Z
MM,AT,1, 30,1,1,,'OnTime' ,,'s',Z
MM,AT,1, 40,1,1,,'PartTypeIndex' ,,'',Z
MM,AT,1, 50,1,1,,'NozzleDiameter' ,,'mm',Z
MM,AT,1, 60,1,1,,'GasPressure' ,,'bar',Z
MM,AT,1, 70,1,1,,'LaserPower' ,,'W',Z
C
ZA,DA,5
DA,1,2,0.19,1,1.70,5.0,0
DA,1,2,36.46,1,1.70,15.0,0
DA,2,0,0.56,1,0.00,0.0,1600
DA,2,0,36.46,1,0.00,0.0,3200
DA,3,0,0.19,1,0.00,0.0,0
C
ENDE_CONSUMPTION_TIMES
C
BEGIN_TOPS_DATA
C
ZA,MM,10
MM,AT,1, 10,1,1,,'LfdNr' ,,'',Z
MM,AT,1, 20,1,1,,'Typ' ,,'',T
MM,AT,1, 30,1,1,,'Datensatzname' ,,'',Z
MM,AT,1, 40,1,1,,'Datensatznr' ,,'',Z
MM,AT,1, 50,1,1,,'Beschreibung' ,,'',T
MM,AT,1, 60,1,1,,'Datentyp' ,,'',T
MM,AT,1, 70,1,1,,'physik. Einheit' ,,'',T
MM,AT,1, 80,1,1,,'Wert' ,,'',T
MM,AT,1, 90,1,1,,'Referenzstueckliste' ,,'',T
MM,AT,1, 100,1,1,,'Referenzdatensatz' ,,'',Z
C
ZA,DA,40
DA,1,'INTERNAL_DATA',120,1,,'T','','2.0','',0
DA,2,'INTERNAL_DATA',320,1,,'T','','','',0
DA,3,'INTERNAL_DATA',690,1,,'T','','','',0
DA,4,'INTERNAL_DATA',200,1,,'T','','SS020MDO-N2SO-30-2','',0
DA,5,'INTERNAL_DATA',210,1,,'T','','PEZNE','',0
DA,6,'INTERNAL_DATA',220,1,,'T','','ZREDUKOWANE','',0
DA,7,'INTERNAL_DATA',230,1,,'T','','DUZY','',0
DA,8,'INTERNAL_DATA',200,2,,'T','','SS020MDO-N2SO-30-2','',0
DA,9,'INTERNAL_DATA',210,2,,'T','','PEZNE','',0
DA,10,'INTERNAL_DATA',220,2,,'T','','NORMALNIE','',0
DA,11,'INTERNAL_DATA',230,2,,'T','','DUZY','',0
DA,12,'INTERNAL_DATA',103,1,,'T','','0 : 01 : 15 [h:min:s]','',0
DA,13,'INTERNAL_DATA',102,1,,'T','','','',0
DA,14,'INTERNAL_DATA',101,1,,'T','','0 : 01 : 15 [h:min:s]','',0
DA,15,'INTERNAL_DATA',280,1,,'Z','mm','1958','',0
DA,16,'INTERNAL_DATA',650,1,,'T','','TruLaser 3030 (L20)','',0
* 'XXX','','',0
DA,18,'INTERNAL_DATA',550,1,,'T','','Bez','',0
DA,19,'INTERNAL_DATA',600,1,,'T','','BMP','',0
DA,20,'INTERNAL_DATA',610,1,,'T','','BMP','',0
DA,21,'INTERNAL_DATA',660,1,,'T','','pll','',0
DA,22,'INTERNAL_DATA',420,1,,'T','','NOID_1','',0
DA,23,'INTERNAL_DATA',430,1,,'T','','','',0
DA,24,'INTERNAL_DATA',350,1,,'T','','SP','',0
DA,25,'INTERNAL_DATA',571,1,,'T','','0.62 min','',0
DA,23,'INTERNAL_DATA',430,1,,'T','','','',0
DA,24,'INTERNAL_DATA',350,1,,'T','','SP','',0
DA,25,'INTERNAL_DATA',571,1,,'T','','0.62 min','',0
DA,26,'INTERNAL_DATA',570,1,,'T','','0 : 00 : 37 [h:min:s]','',0
DA,27,'INTERNAL_DATA',620,1,,'Z','','4098.99','PARTS_IN_PROGRAM',0
DA,28,'INTERNAL_DATA',340,1,,'Z','','2','',0
DA,29,'INTERNAL_DATA',370,1,,'T','','0.19','',0
DA,30,'INTERNAL_DATA',330,1,,'Z','mm','978.999','',0
DA,31,'INTERNAL_DATA',360,1,,'T','','SP1test','',0
DA,32,'INTERNAL_DATA',311,1,,'T','','','',0
* 'ODLEGŁOŚĆ MIĘDZY LISTWAMI PODPOROWYMI:','','',0
DA,33,'INTERNAL_DATA',310,1,,'T','','67 mm','',0
DA,34,'INTERNAL_DATA',312,1,,'T','','','',0
* 'Maszyna standardowa, ustawiony co drugi','','',0
DA,35,'INTERNAL_DATA',313,1,,'T','','38 mm','',0
DA,36,'INTERNAL_DATA',440,1,,'Z','','199.82','',0
DA,37,'INTERNAL_DATA',640,1,,'Z','','167.00','',0
DA,38,'INTERNAL_DATA',641,1,,'Z','','334.80','',0
DA,39,'INTERNAL_DATA',450,1,,'T','','','',0
* 'Kontury zaplanowane z korekcją toru','','',0
DA,40,'INTERNAL_DATA',590,1,,'T','','Nie ustalone','',0
DA,39,'INTERNAL_DATA',450,1,,'T','','','',0
* 'Kontury zaplanowane z korekcją toru','','',0
DA,40,'INTERNAL_DATA',590,1,,'T','','Nie ustalone','',0
C
ENDE_TOPS_DATA
C
BEGIN_PROGRAMM
C
ZA,MM,7
MM,AT,1,10,1,1,,'Programmnummer' ,,'',T
MM,AT,1,20,1,1,,'Programmtyp' ,,'',T
MM,AT,1,30,1,1,,'Bemerkung' ,,'',T
MM,AT,1,40,1,1,,'Bearbeitungszeit' ,,'min',Z
MM,AT,1,50,1,1,,'Dateityp' ,,'',T
MM,AT,1,60,1,1,,'IncreasingRecordNumberFlag' ,,'Bool',Z
MM,AT,1,70,1,1,,'PartTypeIndex' ,,'',Z
C
ZA,DA,2
DA,'SP1test','UP','',0.63,'LST',1,0

START_TEXT
N10 DEF REAL AF ; AF=ACTUAL FEED
N20 MSG("NUMER PODPROGRAMU,SP1test")
N30 G91
N40 ; (NUMER DETALU:1)
N50 TC_POS_LEVEL(40.0)

; ===== TOOLPATH START =====
G00 X43.950 Y25.000
TC_PCS_PIERCE
G01 X42.450 Y25.000
G2 X7.550 Y25.000 I-17.450 J0.000
G2 X42.450 Y25.000 I17.450 J0.000

G00 X51.550 Y25.000
TC_PCS_PIERCE
G01 X50.050 Y25.000
G3 X-0.050 Y25.000 I-25.050 J0.000
G3 X50.050 Y25.000 I25.050 J0.000

; ===== TOOLPATH END =====

N250 G01
N260 G90
N270 M17
N280 M02

STOP_TEXT


DA,'test','HP','',1.28,'LST',1,0


START_TEXT
N10 DEF REAL AF ;AF=ACTUAL FEED
N20 MSG("NUMER PROGRAMU GŁÓWNEGO,test")
N30 MSG("TRUTOPS LASER V17.04.00 B97 - TruLaser 3030 (L20) - SIEMENS")
N40 MSG("WYMIARY ARKUSZA BLACHY 2.0 X 3000.00 X 1500.00 ")
N50 ;(DATA: 06.03.2026)

N60 G71
N70 F141000
N80 TC_MICROJOINT("MIJO-1")
N90 TC_PCS_PIERCE
N100 ;(NAZWA ARKUSZA: SN020----3000x1500)
N110 ;(TRANSFERNAME: test.LST PROGRAMME RUNS: 1)
N120 ;(MASZYNA L20 TYP: 1)
N130 ;(STEROWANIE: SIN 840D WERSJA:)
N140 TC_POS_LEVEL(40.0)
N150 TC_SHEET_TECH("SHT-1")
N160 TC_SHEET_LOAD("SHL-1")


    N200 MSG("DRY RUN START")

    N210 TC_LASER_OFF(2)
    N220 TC_POS_LEVEL(60.0)

    N230 F70500
    G90

    ; ===== DRY RUN START =====
    X30.000 Y30.000
X90.000 Y30.000
X150.000 Y30.000
X210.000 Y30.000
X270.000 Y30.000
X330.000 Y30.000

    ; ===== DRY RUN END =====

    N240 MSG("DRY RUN END")

    N250 TC_POS_LEVEL(40.0)
    N260 TC_LASER_ON
    N270 F141000
    

N170 ;GOTOF ENTRY LASER
N180 ENTRY_LASER:
G90
TC_POS_LEVEL(80.0)
;G00 X30 Y30

; ===== PART PLACEMENTS START =====
G90
X30.000 Y30.000
L SP1test

G90
X90.000 Y30.000
L SP1test

G90
X150.000 Y30.000
L SP1test

G90
X210.000 Y30.000
L SP1test

G90
X270.000 Y30.000
L SP1test

G90
X330.000 Y30.000
L SP1test

; ===== PART PLACEMENTS END =====

N280 TC_LASER_OFF(2)
N290 TC_PART_END(-1)
N300 M30

STOP_TEXT
C
ENDE_PROGRAMM
C
ED