DA,'ST045MDO-N2SO-30-2','TW516ks','29.05.08','','

* 'St37 4.5mm 3200x2500mm N2 HD TC23 Standard',1,0,'TC23',3200,
* 'St37-45',4.00,9.80,'EA417',3,6.00,1.00,-2.50,2.000,6.000,0.00,0.0,
* 2,2,0.25,3200,20000,1.700,1.00,15.0,3200,20000,0.300,6.00,15.0,
* 0.25,2100,1000,0.700,1.50,15.0,2100,1000,0.050,5.00,15.0,0.25,2100,
* 1000,0.700,1.50,15.0,2100,1000,0.050,5.00,15.0,-6.00,0.28,1,6.00,
* 0.00,2,5.0,0,0.28,1,6.00,0.00,2,5.0,0,-1.00,0,10,20.00,80,2000,
* 4.000,2,2,0,-2.00,6.00,400,1000,15.000,2,3.5,-3.00,4.00,400,100,
* 0.200,2,1.5,1,10,3,4.00,2,2,5,0.50,0.20,14,8.00,2,0.0,0.10,16,8.00,
* 2,0.0,0.0,0,-2.50,-6.50,-6.50,0.25,6.000,0,-1.0,-1.0,0,100,100,
* 0.0,100.0,100.0,100.0,0.0,100.0,0,0,19.00,19.00,19.00,19.00,
* 19.00,19.00,19.00,1.700,3200,0.000,3200,1.700,20000,0.000,20000,
* -6.00,0,0,10.000,19.00,-6.00,0.28,-1,6.00,0.00,2,5.0,0,2,1,-6.00,
* 0.28,1,6.00,0.00,2,5.0,0,3,1,-99.000,0,'ST045MDO-N2SO-30-2',0.00,4,
* 2,113,2.000,200,-1.000,0,1000,0,-99.000,10.000,-1,0,0,0,-1.00,
* -1.00,-1.0,-1.00,-1.00,-1.0,'ST045MDO-N2SO-30-2',0,99999,'1.0038',
* 'FW',0,0,2,0,0,0,0.00,0.00,0.00,9999.00,9999.00,9999.00,1,1,
* -99.00,0.000,0.000,0.00,0,-99.00,0.00,0.000,0.00,0.0,
* 3.7,3.7,3.7,3.7,0.000,1,1,0.00,0.00,1800,13000,0,4.00,13.000,
* 14.000,2,-6.000,19,700